<?xml version="1.0" encoding="UTF-8"?>
<testng-results skipped="0" failed="1" ignored="0" total="1" passed="0">
  <reporter-output>
  </reporter-output>
  <suite name="paresi expedia test" duration-ms="54900" started-at="2019-12-19T03:46:08Z" finished-at="2019-12-19T03:47:03Z">
    <groups>
    </groups>
    <test name="Smoke test on Chrome" duration-ms="54900" started-at="2019-12-19T03:46:08Z" finished-at="2019-12-19T03:47:03Z">
      <class name="testCase.sysE2E.ExpediaAccountRegisterTest">
        <test-method status="PASS" signature="beforeAllTestCase()[pri:0, instance:[ExpediaAccountRegisterTest passed=0 failed=0 skipped=0]]" name="beforeAllTestCase" is-config="true" duration-ms="236" started-at="2019-12-19T03:46:08Z" finished-at="2019-12-19T03:46:08Z">
          <reporter-output>
          </reporter-output>
        </test-method> <!-- beforeAllTestCase -->
        <test-method status="PASS" signature="beforeEachTestCase(java.lang.String)[pri:0, instance:[ExpediaAccountRegisterTest passed=0 failed=0 skipped=0]]" name="beforeEachTestCase" is-config="true" duration-ms="3940" started-at="2019-12-19T03:46:08Z" finished-at="2019-12-19T03:46:12Z">
          <params>
            <param index="0">
              <value>
                <![CDATA[Chrome]]>
              </value>
            </param>
          </params>
          <reporter-output>
          </reporter-output>
        </test-method> <!-- beforeEachTestCase -->
        <test-method status="FAIL" signature="registerAttemptTest()[pri:0, instance:[ExpediaAccountRegisterTest passed=0 failed=0 skipped=0]]" name="registerAttemptTest" duration-ms="48739" started-at="2019-12-19T03:46:12Z" finished-at="2019-12-19T03:47:01Z">
          <exception class="org.openqa.selenium.NoSuchElementException">
            <message>
              <![CDATA[no such element: Unable to locate element: {"method":"xpath","selector":"//div[@id='recaptcha-verify-button']"}
  (Session info: chrome=79.0.3945.88)
For documentation on this error, please visit: https://www.seleniumhq.org/exceptions/no_such_element.html
Build info: version: '3.141.59', revision: 'e82be7d358', time: '2018-11-14T08:17:03'
System info: host: 'Paresis-MacBook-Air-2.local', ip: 'fe80:0:0:0:8ce:545c:35e3:1272%en0', os.name: 'Mac OS X', os.arch: 'x86_64', os.version: '10.15', java.version: '1.8.0_201'
Driver info: org.openqa.selenium.chrome.ChromeDriver
Capabilities {acceptInsecureCerts: false, browserName: chrome, browserVersion: 79.0.3945.88, chrome: {chromedriverVersion: 79.0.3945.36 (3582db32b3389..., userDataDir: /var/folders/h0/9zbblbbn2vq...}, goog:chromeOptions: {debuggerAddress: localhost:62408}, javascriptEnabled: true, networkConnectionEnabled: false, pageLoadStrategy: normal, platform: MAC, platformName: MAC, proxy: Proxy(), setWindowRect: true, strictFileInteractability: false, timeouts: {implicit: 0, pageLoad: 300000, script: 30000}, unhandledPromptBehavior: dismiss and notify}
Session ID: 754a4d0d4b0b614dee9af7753ba5a4d6
*** Element info: {Using=xpath, value=//div[@id='recaptcha-verify-button']}]]>
            </message>
            <full-stacktrace>
              <![CDATA[org.openqa.selenium.NoSuchElementException: no such element: Unable to locate element: {"method":"xpath","selector":"//div[@id='recaptcha-verify-button']"}
  (Session info: chrome=79.0.3945.88)
For documentation on this error, please visit: https://www.seleniumhq.org/exceptions/no_such_element.html
Build info: version: '3.141.59', revision: 'e82be7d358', time: '2018-11-14T08:17:03'
System info: host: 'Paresis-MacBook-Air-2.local', ip: 'fe80:0:0:0:8ce:545c:35e3:1272%en0', os.name: 'Mac OS X', os.arch: 'x86_64', os.version: '10.15', java.version: '1.8.0_201'
Driver info: org.openqa.selenium.chrome.ChromeDriver
Capabilities {acceptInsecureCerts: false, browserName: chrome, browserVersion: 79.0.3945.88, chrome: {chromedriverVersion: 79.0.3945.36 (3582db32b3389..., userDataDir: /var/folders/h0/9zbblbbn2vq...}, goog:chromeOptions: {debuggerAddress: localhost:62408}, javascriptEnabled: true, networkConnectionEnabled: false, pageLoadStrategy: normal, platform: MAC, platformName: MAC, proxy: Proxy(), setWindowRect: true, strictFileInteractability: false, timeouts: {implicit: 0, pageLoad: 300000, script: 30000}, unhandledPromptBehavior: dismiss and notify}
Session ID: 754a4d0d4b0b614dee9af7753ba5a4d6
*** Element info: {Using=xpath, value=//div[@id='recaptcha-verify-button']}
at sun.reflect.NativeConstructorAccessorImpl.newInstance0(Native Method)
at sun.reflect.NativeConstructorAccessorImpl.newInstance(NativeConstructorAccessorImpl.java:62)
at sun.reflect.DelegatingConstructorAccessorImpl.newInstance(DelegatingConstructorAccessorImpl.java:45)
at java.lang.reflect.Constructor.newInstance(Constructor.java:423)
at org.openqa.selenium.remote.http.W3CHttpResponseCodec.createException(W3CHttpResponseCodec.java:187)
at org.openqa.selenium.remote.http.W3CHttpResponseCodec.decode(W3CHttpResponseCodec.java:122)
at org.openqa.selenium.remote.http.W3CHttpResponseCodec.decode(W3CHttpResponseCodec.java:49)
at org.openqa.selenium.remote.HttpCommandExecutor.execute(HttpCommandExecutor.java:158)
at org.openqa.selenium.remote.service.DriverCommandExecutor.execute(DriverCommandExecutor.java:83)
at org.openqa.selenium.remote.RemoteWebDriver.execute(RemoteWebDriver.java:552)
at org.openqa.selenium.remote.RemoteWebDriver.findElement(RemoteWebDriver.java:323)
at org.openqa.selenium.remote.RemoteWebDriver.findElementByXPath(RemoteWebDriver.java:428)
at org.openqa.selenium.By$ByXPath.findElement(By.java:353)
at org.openqa.selenium.remote.RemoteWebDriver.findElement(RemoteWebDriver.java:315)
at org.openqa.selenium.support.pagefactory.DefaultElementLocator.findElement(DefaultElementLocator.java:69)
at org.openqa.selenium.support.pagefactory.internal.LocatingElementHandler.invoke(LocatingElementHandler.java:38)
at com.sun.proxy.$Proxy30.isDisplayed(Unknown Source)
at pageObjects.HomePageHeader.assertResgisterImageSelect(HomePageHeader.java:189)
at testCase.sysE2E.ExpediaAccountRegisterTest.registerAttemptTest(ExpediaAccountRegisterTest.java:36)
at sun.reflect.NativeMethodAccessorImpl.invoke0(Native Method)
at sun.reflect.NativeMethodAccessorImpl.invoke(NativeMethodAccessorImpl.java:62)
at sun.reflect.DelegatingMethodAccessorImpl.invoke(DelegatingMethodAccessorImpl.java:43)
at java.lang.reflect.Method.invoke(Method.java:498)
at org.testng.internal.MethodInvocationHelper.invokeMethod(MethodInvocationHelper.java:124)
at org.testng.internal.Invoker.invokeMethod(Invoker.java:583)
at org.testng.internal.Invoker.invokeTestMethod(Invoker.java:719)
at org.testng.internal.Invoker.invokeTestMethods(Invoker.java:989)
at org.testng.internal.TestMethodWorker.invokeTestMethods(TestMethodWorker.java:125)
at org.testng.internal.TestMethodWorker.run(TestMethodWorker.java:109)
at org.testng.TestRunner.privateRun(TestRunner.java:648)
at org.testng.TestRunner.run(TestRunner.java:505)
at org.testng.SuiteRunner.runTest(SuiteRunner.java:455)
at org.testng.SuiteRunner.runSequentially(SuiteRunner.java:450)
at org.testng.SuiteRunner.privateRun(SuiteRunner.java:415)
at org.testng.SuiteRunner.run(SuiteRunner.java:364)
at org.testng.SuiteRunnerWorker.runSuite(SuiteRunnerWorker.java:52)
at org.testng.SuiteRunnerWorker.run(SuiteRunnerWorker.java:84)
at org.testng.TestNG.runSuitesSequentially(TestNG.java:1208)
at org.testng.TestNG.runSuitesLocally(TestNG.java:1137)
at org.testng.TestNG.runSuites(TestNG.java:1049)
at org.testng.TestNG.run(TestNG.java:1017)
at org.testng.remote.AbstractRemoteTestNG.run(AbstractRemoteTestNG.java:115)
at org.testng.remote.RemoteTestNG.initAndRun(RemoteTestNG.java:251)
at org.testng.remote.RemoteTestNG.main(RemoteTestNG.java:77)
]]>
            </full-stacktrace>
          </exception> <!-- org.openqa.selenium.NoSuchElementException -->
          <reporter-output>
          </reporter-output>
        </test-method> <!-- registerAttemptTest -->
        <test-method status="PASS" signature="tearDown()[pri:0, instance:[ExpediaAccountRegisterTest passed=0 failed=0 skipped=0]]" name="tearDown" is-config="true" duration-ms="420" started-at="2019-12-19T03:47:02Z" finished-at="2019-12-19T03:47:02Z">
          <reporter-output>
          </reporter-output>
        </test-method> <!-- tearDown -->
        <test-method status="PASS" signature="afterAllTestCase()[pri:0, instance:[ExpediaAccountRegisterTest passed=0 failed=0 skipped=0]]" name="afterAllTestCase" is-config="true" duration-ms="782" started-at="2019-12-19T03:47:02Z" finished-at="2019-12-19T03:47:03Z">
          <reporter-output>
          </reporter-output>
        </test-method> <!-- afterAllTestCase -->
      </class> <!-- testCase.sysE2E.ExpediaAccountRegisterTest -->
    </test> <!-- Smoke test on Chrome -->
  </suite> <!-- paresi expedia test -->
</testng-results>
